{
  "Cucumber Features": {
    "coverage": {
      "/home/ubuntu/workspace/hw-bdd-tdd-cycle/rottenpotatoes/app/models/movie.rb": [
        1,
        1,
        19,
        null,
        null,
        1,
        1,
        null,
        null
      ],
      "/home/ubuntu/workspace/hw-bdd-tdd-cycle/rottenpotatoes/app/controllers/movies_controller.rb": [
        1,
        null,
        1,
        2,
        null,
        null,
        1,
        4,
        4,
        null,
        null,
        null,
        1,
        19,
        19,
        null,
        2,
        null,
        2,
        null,
        19,
        19,
        null,
        19,
        54,
        null,
        null,
        19,
        5,
        5,
        5,
        null,
        14,
        null,
        null,
        1,
        null,
        null,
        null,
        1,
        1,
        1,
        1,
        null,
        null,
        1,
        1,
        null,
        null,
        1,
        1,
        1,
        1,
        1,
        null,
        null,
        1,
        1,
        1,
        1,
        1,
        null,
        null,
        1,
        2,
        2,
        2,
        1,
        1,
        null,
        null,
        1,
        null,
        null,
        null,
        null
      ],
      "/home/ubuntu/workspace/hw-bdd-tdd-cycle/rottenpotatoes/app/controllers/application_controller.rb": [
        1,
        1,
        null
      ],
      "/home/ubuntu/workspace/hw-bdd-tdd-cycle/rottenpotatoes/app/helpers/application_helper.rb": [
        1,
        null
      ],
      "/home/ubuntu/workspace/hw-bdd-tdd-cycle/rottenpotatoes/app/helpers/movies_helper.rb": [
        1,
        null,
        1,
        0,
        null,
        null
      ]
    },
    "timestamp": 1479223550
  },
  "RSpec": {
    "coverage": {
      "/home/ubuntu/workspace/hw-bdd-tdd-cycle/rottenpotatoes/app/helpers/application_helper.rb": [
        1,
        null
      ],
      "/home/ubuntu/workspace/hw-bdd-tdd-cycle/rottenpotatoes/app/helpers/movies_helper.rb": [
        1,
        null,
        1,
        0,
        null,
        null
      ],
      "/home/ubuntu/workspace/hw-bdd-tdd-cycle/rottenpotatoes/app/controllers/movies_controller.rb": [
        1,
        null,
        1,
        0,
        null,
        null,
        1,
        0,
        0,
        null,
        null,
        null,
        1,
        0,
        0,
        null,
        0,
        null,
        0,
        null,
        0,
        0,
        null,
        0,
        0,
        null,
        null,
        0,
        0,
        0,
        0,
        null,
        0,
        null,
        null,
        1,
        null,
        null,
        null,
        1,
        0,
        0,
        0,
        null,
        null,
        1,
        0,
        null,
        null,
        1,
        0,
        0,
        0,
        0,
        null,
        null,
        1,
        0,
        0,
        0,
        0,
        null,
        null,
        1,
        2,
        2,
        2,
        1,
        1,
        null,
        null,
        1,
        null,
        null,
        null,
        null
      ],
      "/home/ubuntu/workspace/hw-bdd-tdd-cycle/rottenpotatoes/app/controllers/application_controller.rb": [
        1,
        1,
        null
      ],
      "/home/ubuntu/workspace/hw-bdd-tdd-cycle/rottenpotatoes/app/models/movie.rb": [
        1,
        1,
        0,
        null,
        null,
        1,
        2,
        null,
        null
      ]
    },
    "timestamp": 1479222043
  }
}
